2024-05-14 17:42:00,253 CRIT Supervisor is running as root.  Privileges were not dropped because no user is specified in the config file.  If you intend to run as root, you can set user=root in the config file to avoid this message.
2024-05-14 17:42:00,256 INFO supervisord started with pid 1
2024-05-14 17:42:01,260 INFO spawned: 'nginx' with pid 8
2024-05-14 17:42:01,269 INFO spawned: 'php-fpm' with pid 9
2024-05-14 17:42:02,391 INFO success: nginx entered RUNNING state, process has stayed up for > than 1 seconds (startsecs)
2024-05-14 17:42:02,394 INFO success: php-fpm entered RUNNING state, process has stayed up for > than 1 seconds (startsecs)
2024-05-14 19:02:18,018 WARN received SIGTERM indicating exit request
2024-05-14 19:02:18,029 INFO waiting for nginx, php-fpm to die
2024-05-14 19:02:18,122 INFO stopped: php-fpm (exit status 0)
2024-05-14 19:02:19,142 INFO stopped: nginx (exit status 0)
2024-05-14 19:02:19,914 CRIT Supervisor is running as root.  Privileges were not dropped because no user is specified in the config file.  If you intend to run as root, you can set user=root in the config file to avoid this message.
2024-05-14 19:02:19,916 INFO supervisord started with pid 1
2024-05-14 19:02:20,919 INFO spawned: 'nginx' with pid 8
2024-05-14 19:02:20,923 INFO spawned: 'php-fpm' with pid 9
2024-05-14 19:02:22,106 INFO success: nginx entered RUNNING state, process has stayed up for > than 1 seconds (startsecs)
2024-05-14 19:02:22,107 INFO success: php-fpm entered RUNNING state, process has stayed up for > than 1 seconds (startsecs)
2024-05-14 19:02:53,226 WARN received SIGTERM indicating exit request
2024-05-14 19:02:53,230 INFO waiting for nginx, php-fpm to die
2024-05-14 19:02:53,288 INFO stopped: php-fpm (exit status 0)
2024-05-14 19:02:53,293 INFO stopped: nginx (exit status 0)
2024-05-14 19:02:57,487 CRIT Supervisor is running as root.  Privileges were not dropped because no user is specified in the config file.  If you intend to run as root, you can set user=root in the config file to avoid this message.
2024-05-14 19:02:57,490 INFO supervisord started with pid 1
2024-05-14 19:02:58,495 INFO spawned: 'nginx' with pid 8
2024-05-14 19:02:58,498 INFO spawned: 'php-fpm' with pid 9
2024-05-14 19:02:59,651 INFO success: nginx entered RUNNING state, process has stayed up for > than 1 seconds (startsecs)
2024-05-14 19:02:59,652 INFO success: php-fpm entered RUNNING state, process has stayed up for > than 1 seconds (startsecs)
2024-05-14 19:25:25,147 INFO reaped unknown pid 145
2024-05-17 12:06:15,971 WARN received SIGTERM indicating exit request
2024-05-17 12:06:16,003 INFO waiting for nginx, php-fpm to die
2024-05-17 12:06:17,051 INFO stopped: php-fpm (exit status 0)
2024-05-17 12:06:17,058 INFO stopped: nginx (exit status 0)
2024-05-17 12:06:33,616 CRIT Supervisor is running as root.  Privileges were not dropped because no user is specified in the config file.  If you intend to run as root, you can set user=root in the config file to avoid this message.
2024-05-17 12:06:33,619 INFO supervisord started with pid 1
2024-05-17 12:06:34,621 INFO spawned: 'nginx' with pid 8
2024-05-17 12:06:34,623 INFO spawned: 'php-fpm' with pid 9
2024-05-17 12:06:35,764 INFO success: nginx entered RUNNING state, process has stayed up for > than 1 seconds (startsecs)
2024-05-17 12:06:35,766 INFO success: php-fpm entered RUNNING state, process has stayed up for > than 1 seconds (startsecs)
2024-06-04 08:54:27,073 WARN received SIGTERM indicating exit request
2024-06-04 08:54:27,101 INFO waiting for nginx, php-fpm to die
2024-06-04 08:54:28,535 INFO stopped: php-fpm (exit status 0)
2024-06-04 08:54:29,655 INFO stopped: nginx (exit status 0)
2024-06-07 16:50:24,716 CRIT Supervisor is running as root.  Privileges were not dropped because no user is specified in the config file.  If you intend to run as root, you can set user=root in the config file to avoid this message.
2024-06-07 16:50:24,718 INFO supervisord started with pid 1
2024-06-07 16:50:25,722 INFO spawned: 'nginx' with pid 8
2024-06-07 16:50:25,723 INFO spawned: 'php-fpm' with pid 9
2024-06-07 16:50:26,859 INFO success: nginx entered RUNNING state, process has stayed up for > than 1 seconds (startsecs)
2024-06-07 16:50:26,859 INFO success: php-fpm entered RUNNING state, process has stayed up for > than 1 seconds (startsecs)
2024-06-10 09:02:23,928 WARN received SIGTERM indicating exit request
2024-06-10 09:02:23,942 INFO waiting for nginx, php-fpm to die
2024-06-10 09:02:24,064 INFO stopped: php-fpm (exit status 0)
2024-06-10 09:02:24,077 INFO stopped: nginx (exit status 0)
2024-06-13 19:22:20,611 CRIT Supervisor is running as root.  Privileges were not dropped because no user is specified in the config file.  If you intend to run as root, you can set user=root in the config file to avoid this message.
2024-06-13 19:22:20,619 INFO supervisord started with pid 1
2024-06-13 19:22:21,631 INFO spawned: 'nginx' with pid 8
2024-06-13 19:22:21,641 INFO spawned: 'php-fpm' with pid 9
2024-06-13 19:22:23,349 INFO success: nginx entered RUNNING state, process has stayed up for > than 1 seconds (startsecs)
2024-06-13 19:22:23,350 INFO success: php-fpm entered RUNNING state, process has stayed up for > than 1 seconds (startsecs)
2024-06-14 06:05:05,860 WARN received SIGTERM indicating exit request
2024-06-14 06:05:05,880 INFO waiting for nginx, php-fpm to die
2024-06-14 06:05:06,015 INFO stopped: php-fpm (exit status 0)
2024-06-14 06:05:06,034 INFO stopped: nginx (exit status 0)
2024-06-14 18:38:32,898 CRIT Supervisor is running as root.  Privileges were not dropped because no user is specified in the config file.  If you intend to run as root, you can set user=root in the config file to avoid this message.
2024-06-14 18:38:32,903 INFO supervisord started with pid 1
2024-06-14 18:38:33,908 INFO spawned: 'nginx' with pid 8
2024-06-14 18:38:33,909 INFO spawned: 'php-fpm' with pid 9
2024-06-14 18:38:35,080 INFO success: nginx entered RUNNING state, process has stayed up for > than 1 seconds (startsecs)
2024-06-14 18:38:35,081 INFO success: php-fpm entered RUNNING state, process has stayed up for > than 1 seconds (startsecs)
2024-06-17 06:49:25,583 WARN received SIGTERM indicating exit request
2024-06-17 06:49:25,597 INFO waiting for nginx, php-fpm to die
2024-06-17 06:49:25,706 INFO stopped: php-fpm (exit status 0)
2024-06-17 06:49:26,730 INFO stopped: nginx (exit status 0)
2024-06-18 17:21:45,653 CRIT Supervisor is running as root.  Privileges were not dropped because no user is specified in the config file.  If you intend to run as root, you can set user=root in the config file to avoid this message.
2024-06-18 17:21:45,668 INFO supervisord started with pid 1
2024-06-18 17:21:46,671 INFO spawned: 'nginx' with pid 8
2024-06-18 17:21:46,674 INFO spawned: 'php-fpm' with pid 9
2024-06-18 17:21:48,089 INFO success: nginx entered RUNNING state, process has stayed up for > than 1 seconds (startsecs)
2024-06-18 17:21:48,089 INFO success: php-fpm entered RUNNING state, process has stayed up for > than 1 seconds (startsecs)
